<?xml version="1.0" encoding="UTF-8"?>
<testsuite errors="0" failures="0" hostname="zjy-PC" name="ParkingTest" tests="7" time="0.007" timestamp="2012-12-20T03:15:24">
  <properties />
  <testcase classname="ParkingTest" name="getting_car_fail_not_correct_car" time="0.001" />
  <testcase classname="ParkingTest" name="getting_car_fail_no_car" time="0.0" />
  <testcase classname="ParkingTest" name="storing_car_success" time="0.0" />
  <testcase classname="ParkingTest" name="storing_car_in_same_volume_parkingplace" time="0.001" />
  <testcase classname="ParkingTest" name="storing_car_in_less_volume_parkingplace" time="0.0" />
  <testcase classname="ParkingTest" name="getting_car_success" time="0.0" />
  <testcase classname="ParkingTest" name="storing_car_fail_no_parking_place" time="0.0" />
  <system-out><![CDATA[]]></system-out>
  <system-err><![CDATA[]]></system-err>
</testsuite>
