<?xml version="1.0" encoding="UTF-8"?>
<testsuite errors="0" failures="0" hostname="zjy-PC" name="ParkingManagerTest" tests="3" time="0.115" timestamp="2012-12-20T03:15:24">
  <properties />
  <testcase classname="ParkingManagerTest" name="getting_car_by_parkingassistant_success" time="0.007" />
  <testcase classname="ParkingManagerTest" name="storing_car_by_parkingassistant_fail" time="0.001" />
  <testcase classname="ParkingManagerTest" name="storing_car_by_parkingassistant_success" time="0.001" />
  <system-out><![CDATA[]]></system-out>
  <system-err><![CDATA[]]></system-err>
</testsuite>
